<?xml version="1.0" encoding="UTF-8"?>
<testsuite xmlns:xsi="http://www.w3.org/2001/XMLSchema-instance" xsi:noNamespaceSchemaLocation="https://maven.apache.org/surefire/maven-surefire-plugin/xsd/surefire-test-report-3.0.xsd" version="3.0" name="com.algonquin.cst8288.assignment1.PermanentEmployeeTest" time="0.049" tests="3" errors="0" skipped="0" failures="0">
  <properties>
[...]
</properties>
  <testcase name="testPensionContribution" classname="com.algonquin.cst8288.assignment1.PermanentEmployeeTest" time="0.001"/>
  <testcase name="testCalculateTotalCompensation" classname="com.algonquin.cst8288.assignment1.PermanentEmployeeTest" time="0.0"/>
  <testcase name="testCalculateBonus" classname="com.algonquin.cst8288.assignment1.PermanentEmployeeTest" time="0.0"/>
</testsuite>